<?xml version="1.0" encoding="UTF-8"?>
<testng-results ignored="0" total="6" passed="6" failed="0" skipped="0">
  <reporter-output>
  </reporter-output>
  <suite started-at="2022-12-12T23:30:47 ICT" name="Regression" finished-at="2022-12-12T23:31:58 ICT" duration-ms="70722">
    <groups>
      <group name="smoke">
        <method signature="FooterTest.testHomePageFooter()[pri:0, instance:test.global.footer.FooterTest@4dd6fd0a]" name="testHomePageFooter" class="test.global.footer.FooterTest"/>
      </group> <!-- smoke -->
    </groups>
    <test started-at="2022-12-12T23:30:47 ICT" name="Group 3" finished-at="2022-12-12T23:30:56 ICT" duration-ms="8821">
      <class name="test.global.footer.FooterTest">
        <test-method is-config="true" signature="initBrowserSession(java.lang.String)[pri:0, instance:test.global.footer.FooterTest@4dd6fd0a]" started-at="2022-12-12T23:30:48 ICT" name="initBrowserSession" finished-at="2022-12-12T23:30:48 ICT" duration-ms="24" status="PASS">
          <params>
            <param index="0">
              <value>
                <![CDATA[chrome]]>
              </value>
            </param>
          </params>
          <reporter-output>
          </reporter-output>
        </test-method> <!-- initBrowserSession -->
        <test-method signature="testHomePageFooter()[pri:0, instance:test.global.footer.FooterTest@4dd6fd0a]" started-at="2022-12-12T23:30:48 ICT" name="testHomePageFooter" finished-at="2022-12-12T23:30:55 ICT" duration-ms="7083" status="PASS">
          <reporter-output>
          </reporter-output>
        </test-method> <!-- testHomePageFooter -->
        <test-method is-config="true" signature="captureScreenshot(org.testng.ITestResult)[pri:0, instance:test.global.footer.FooterTest@4dd6fd0a]" started-at="2022-12-12T23:30:55 ICT" name="captureScreenshot" finished-at="2022-12-12T23:30:55 ICT" duration-ms="2" status="PASS">
          <params>
            <param index="0">
              <value>
                <![CDATA[[TestResult name=testHomePageFooter status=SUCCESS method=FooterTest.testHomePageFooter()[pri:0, instance:test.global.footer.FooterTest@4dd6fd0a] output={null}]]]>
              </value>
            </param>
          </params>
          <reporter-output>
          </reporter-output>
        </test-method> <!-- captureScreenshot -->
        <test-method signature="testLoginPageFooter()[pri:0, instance:test.global.footer.FooterTest@4dd6fd0a]" started-at="2022-12-12T23:30:55 ICT" name="testLoginPageFooter" finished-at="2022-12-12T23:30:56 ICT" duration-ms="1377" status="PASS">
          <reporter-output>
          </reporter-output>
        </test-method> <!-- testLoginPageFooter -->
        <test-method is-config="true" signature="captureScreenshot(org.testng.ITestResult)[pri:0, instance:test.global.footer.FooterTest@4dd6fd0a]" started-at="2022-12-12T23:30:56 ICT" name="captureScreenshot" finished-at="2022-12-12T23:30:56 ICT" duration-ms="0" status="PASS">
          <params>
            <param index="0">
              <value>
                <![CDATA[[TestResult name=testLoginPageFooter status=SUCCESS method=FooterTest.testLoginPageFooter()[pri:0, instance:test.global.footer.FooterTest@4dd6fd0a] output={null}]]]>
              </value>
            </param>
          </params>
          <reporter-output>
          </reporter-output>
        </test-method> <!-- captureScreenshot -->
        <test-method is-config="true" signature="closeBrowserSession()[pri:0, instance:test.global.footer.FooterTest@4dd6fd0a]" started-at="2022-12-12T23:30:56 ICT" name="closeBrowserSession" finished-at="2022-12-12T23:30:56 ICT" duration-ms="164" status="PASS">
          <reporter-output>
          </reporter-output>
        </test-method> <!-- closeBrowserSession -->
      </class> <!-- test.global.footer.FooterTest -->
    </test> <!-- Group 3 -->
    <test started-at="2022-12-12T23:30:47 ICT" name="Group 1" finished-at="2022-12-12T23:31:20 ICT" duration-ms="32581">
      <class name="test.computer.BuyingCheapComputerTest">
        <test-method is-config="true" signature="initBrowserSession(java.lang.String)[pri:0, instance:test.computer.BuyingCheapComputerTest@5f77d0f9]" started-at="2022-12-12T23:30:48 ICT" name="initBrowserSession" finished-at="2022-12-12T23:30:48 ICT" duration-ms="24" status="PASS">
          <params>
            <param index="0">
              <value>
                <![CDATA[chrome]]>
              </value>
            </param>
          </params>
          <reporter-output>
          </reporter-output>
        </test-method> <!-- initBrowserSession -->
        <test-method signature="testCheapComputerBuying(test_data.computer.ComputerData)[pri:0, instance:test.computer.BuyingCheapComputerTest@5f77d0f9]" started-at="2022-12-12T23:30:48 ICT" name="testCheapComputerBuying" data-provider="computerData" finished-at="2022-12-12T23:31:20 ICT" duration-ms="32284" status="PASS">
          <params>
            <param index="0">
              <value>
                <![CDATA[ComputerData{processorType='Fast', ram='8 GB', os='null', hdd='320 GB', software=[Image Viever, Other Office Suite]}]]>
              </value>
            </param>
          </params>
          <reporter-output>
          </reporter-output>
        </test-method> <!-- testCheapComputerBuying -->
        <test-method is-config="true" signature="captureScreenshot(org.testng.ITestResult)[pri:0, instance:test.computer.BuyingCheapComputerTest@5f77d0f9]" started-at="2022-12-12T23:31:20 ICT" name="captureScreenshot" finished-at="2022-12-12T23:31:20 ICT" duration-ms="2" status="PASS">
          <params>
            <param index="0">
              <value>
                <![CDATA[[TestResult name=testCheapComputerBuying status=SUCCESS method=BuyingCheapComputerTest.testCheapComputerBuying(test_data.computer.ComputerData)[pri:0, instance:test.computer.BuyingCheapComputerTest@5f77d0f9] output={null}]]]>
              </value>
            </param>
          </params>
          <reporter-output>
          </reporter-output>
        </test-method> <!-- captureScreenshot -->
        <test-method is-config="true" signature="closeBrowserSession()[pri:0, instance:test.computer.BuyingCheapComputerTest@5f77d0f9]" started-at="2022-12-12T23:31:20 ICT" name="closeBrowserSession" finished-at="2022-12-12T23:31:20 ICT" duration-ms="179" status="PASS">
          <reporter-output>
          </reporter-output>
        </test-method> <!-- closeBrowserSession -->
      </class> <!-- test.computer.BuyingCheapComputerTest -->
    </test> <!-- Group 1 -->
    <test started-at="2022-12-12T23:30:47 ICT" name="Group 2" finished-at="2022-12-12T23:31:58 ICT" duration-ms="70722">
      <class name="test.computer.BuyingStandardComputerTest">
        <test-method is-config="true" signature="initBrowserSession(java.lang.String)[pri:0, instance:test.computer.BuyingStandardComputerTest@4bbf6d0e]" started-at="2022-12-12T23:30:48 ICT" name="initBrowserSession" finished-at="2022-12-12T23:30:48 ICT" duration-ms="24" status="PASS">
          <params>
            <param index="0">
              <value>
                <![CDATA[chrome]]>
              </value>
            </param>
          </params>
          <reporter-output>
          </reporter-output>
        </test-method> <!-- initBrowserSession -->
        <test-method signature="testStandardComputerBuying(test_data.computer.ComputerData)[pri:0, instance:test.computer.BuyingStandardComputerTest@4bbf6d0e]" started-at="2022-12-12T23:30:48 ICT" name="testStandardComputerBuying" data-provider="computerData" finished-at="2022-12-12T23:31:19 ICT" duration-ms="31877" status="PASS">
          <params>
            <param index="0">
              <value>
                <![CDATA[ComputerData{processorType='2.2GHz', ram='8GB', os='Ubuntu', hdd='400 GB', software=[]}]]>
              </value>
            </param>
          </params>
          <reporter-output>
          </reporter-output>
        </test-method> <!-- testStandardComputerBuying -->
        <test-method is-config="true" signature="captureScreenshot(org.testng.ITestResult)[pri:0, instance:test.computer.BuyingStandardComputerTest@4bbf6d0e]" started-at="2022-12-12T23:31:19 ICT" name="captureScreenshot" finished-at="2022-12-12T23:31:19 ICT" duration-ms="1" status="PASS">
          <params>
            <param index="0">
              <value>
                <![CDATA[[TestResult name=testStandardComputerBuying status=SUCCESS method=BuyingStandardComputerTest.testStandardComputerBuying(test_data.computer.ComputerData)[pri:0, instance:test.computer.BuyingStandardComputerTest@4bbf6d0e] output={null}]]]>
              </value>
            </param>
          </params>
          <reporter-output>
          </reporter-output>
        </test-method> <!-- captureScreenshot -->
        <test-method signature="testStandardComputerBuying(test_data.computer.ComputerData)[pri:0, instance:test.computer.BuyingStandardComputerTest@4bbf6d0e]" started-at="2022-12-12T23:31:19 ICT" name="testStandardComputerBuying" data-provider="computerData" finished-at="2022-12-12T23:31:39 ICT" duration-ms="19831" status="PASS">
          <params>
            <param index="0">
              <value>
                <![CDATA[ComputerData{processorType='2.5GHz', ram='4GB', os='Windows 7', hdd='320 GB', software=[Microsoft Office, Acrobat Reader, Total Commander]}]]>
              </value>
            </param>
          </params>
          <reporter-output>
          </reporter-output>
        </test-method> <!-- testStandardComputerBuying -->
        <test-method is-config="true" signature="captureScreenshot(org.testng.ITestResult)[pri:0, instance:test.computer.BuyingStandardComputerTest@4bbf6d0e]" started-at="2022-12-12T23:31:39 ICT" name="captureScreenshot" finished-at="2022-12-12T23:31:39 ICT" duration-ms="1" status="PASS">
          <params>
            <param index="0">
              <value>
                <![CDATA[[TestResult name=testStandardComputerBuying status=SUCCESS method=BuyingStandardComputerTest.testStandardComputerBuying(test_data.computer.ComputerData)[pri:0, instance:test.computer.BuyingStandardComputerTest@4bbf6d0e] output={null}]]]>
              </value>
            </param>
          </params>
          <reporter-output>
          </reporter-output>
        </test-method> <!-- captureScreenshot -->
        <test-method signature="testStandardComputerBuying(test_data.computer.ComputerData)[pri:0, instance:test.computer.BuyingStandardComputerTest@4bbf6d0e]" started-at="2022-12-12T23:31:39 ICT" name="testStandardComputerBuying" data-provider="computerData" finished-at="2022-12-12T23:31:58 ICT" duration-ms="18747" status="PASS">
          <params>
            <param index="0">
              <value>
                <![CDATA[ComputerData{processorType='2.2GHz', ram='2GB', os='Windows 10', hdd='320 GB', software=[Total Commander]}]]>
              </value>
            </param>
          </params>
          <reporter-output>
          </reporter-output>
        </test-method> <!-- testStandardComputerBuying -->
        <test-method is-config="true" signature="captureScreenshot(org.testng.ITestResult)[pri:0, instance:test.computer.BuyingStandardComputerTest@4bbf6d0e]" started-at="2022-12-12T23:31:58 ICT" name="captureScreenshot" finished-at="2022-12-12T23:31:58 ICT" duration-ms="0" status="PASS">
          <params>
            <param index="0">
              <value>
                <![CDATA[[TestResult name=testStandardComputerBuying status=SUCCESS method=BuyingStandardComputerTest.testStandardComputerBuying(test_data.computer.ComputerData)[pri:0, instance:test.computer.BuyingStandardComputerTest@4bbf6d0e] output={null}]]]>
              </value>
            </param>
          </params>
          <reporter-output>
          </reporter-output>
        </test-method> <!-- captureScreenshot -->
        <test-method is-config="true" signature="closeBrowserSession()[pri:0, instance:test.computer.BuyingStandardComputerTest@4bbf6d0e]" started-at="2022-12-12T23:31:58 ICT" name="closeBrowserSession" finished-at="2022-12-12T23:31:58 ICT" duration-ms="134" status="PASS">
          <reporter-output>
          </reporter-output>
        </test-method> <!-- closeBrowserSession -->
      </class> <!-- test.computer.BuyingStandardComputerTest -->
    </test> <!-- Group 2 -->
  </suite> <!-- Regression -->
</testng-results>
